#! /usr/bin/vvp
:ivl_version "10.3 (stable)";
:ivl_delay_selection "TYPICAL";
:vpi_time_precision - 9;
:vpi_module "system";
:vpi_module "vhdl_sys";
:vpi_module "v2005_math";
:vpi_module "va_math";
S_0x564aaee4c730 .scope module, "test" "test" 2 2;
 .timescale -9 -9;
v0x564aaee5f090_0 .var "i", 3 0;
v0x564aaee5f180_0 .var/i "j", 31 0;
v0x564aaee5f240_0 .var "s", 1 0;
v0x564aaee5f340_0 .net "y", 0 0, v0x564aaee5ef70_0;  1 drivers
S_0x564aaee4c8b0 .scope module, "dut" "mux4x1" 2 10, 3 1 0, S_0x564aaee4c730;
 .timescale 0 0;
    .port_info 0 /INPUT 4 "i"
    .port_info 1 /INPUT 2 "s"
    .port_info 2 /OUTPUT 1 "y"
v0x564aaee4ca80_0 .net "i", 3 0, v0x564aaee5f090_0;  1 drivers
v0x564aaee5ee90_0 .net "s", 1 0, v0x564aaee5f240_0;  1 drivers
v0x564aaee5ef70_0 .var "y", 0 0;
E_0x564aaee4d550 .event edge, v0x564aaee5ee90_0, v0x564aaee4ca80_0;
    .scope S_0x564aaee4c8b0;
T_0 ;
    %wait E_0x564aaee4d550;
    %load/vec4 v0x564aaee5ee90_0;
    %dup/vec4;
    %pushi/vec4 0, 0, 2;
    %cmp/u;
    %jmp/1 T_0.0, 6;
    %dup/vec4;
    %pushi/vec4 1, 0, 2;
    %cmp/u;
    %jmp/1 T_0.1, 6;
    %dup/vec4;
    %pushi/vec4 2, 0, 2;
    %cmp/u;
    %jmp/1 T_0.2, 6;
    %dup/vec4;
    %pushi/vec4 3, 0, 2;
    %cmp/u;
    %jmp/1 T_0.3, 6;
    %jmp T_0.4;
T_0.0 ;
    %load/vec4 v0x564aaee4ca80_0;
    %parti/s 1, 0, 2;
    %store/vec4 v0x564aaee5ef70_0, 0, 1;
    %jmp T_0.4;
T_0.1 ;
    %load/vec4 v0x564aaee4ca80_0;
    %parti/s 1, 1, 2;
    %store/vec4 v0x564aaee5ef70_0, 0, 1;
    %jmp T_0.4;
T_0.2 ;
    %load/vec4 v0x564aaee4ca80_0;
    %parti/s 1, 2, 3;
    %store/vec4 v0x564aaee5ef70_0, 0, 1;
    %jmp T_0.4;
T_0.3 ;
    %load/vec4 v0x564aaee4ca80_0;
    %parti/s 1, 3, 3;
    %store/vec4 v0x564aaee5ef70_0, 0, 1;
    %jmp T_0.4;
T_0.4 ;
    %pop/vec4 1;
    %jmp T_0;
    .thread T_0, $push;
    .scope S_0x564aaee4c730;
T_1 ;
    %pushi/vec4 0, 0, 32;
    %store/vec4 v0x564aaee5f180_0, 0, 32;
T_1.0 ;
    %load/vec4 v0x564aaee5f180_0;
    %cmpi/s 4, 0, 32;
    %jmp/0xz T_1.1, 5;
    %pushi/vec4 10, 0, 4;
    %store/vec4 v0x564aaee5f090_0, 0, 4;
    %load/vec4 v0x564aaee5f180_0;
    %pad/s 2;
    %store/vec4 v0x564aaee5f240_0, 0, 2;
    %delay 5, 0;
    %load/vec4 v0x564aaee5f180_0;
    %addi 1, 0, 32;
    %store/vec4 v0x564aaee5f180_0, 0, 32;
    %jmp T_1.0;
T_1.1 ;
    %end;
    .thread T_1;
    .scope S_0x564aaee4c730;
T_2 ;
    %vpi_call 2 23 "$monitor", $time, "i=%b, s=%0d,y=%b", v0x564aaee5f090_0, v0x564aaee5f240_0, v0x564aaee5f340_0 {0 0 0};
    %end;
    .thread T_2;
    .scope S_0x564aaee4c730;
T_3 ;
    %vpi_call 2 27 "$dumpfile", "mux4x1.vcd" {0 0 0};
    %vpi_call 2 28 "$dumpvars", 32'sb00000000000000000000000000000001 {0 0 0};
    %end;
    .thread T_3;
# The file index is used to find the file name in the following table.
:file_names 4;
    "N/A";
    "<interactive>";
    "test.v";
    "mux4x1.v";
